<?xml version="1.0" encoding="UTF-8"?>
<testng-results retried="2" ignored="2" total="6" passed="2" failed="0" skipped="0">
  <reporter-output>
  </reporter-output>
  <suite started-at="2023-08-01T11:29:58 IST" name="Parallel test testing" finished-at="2023-08-01T11:30:47 IST" duration-ms="49118">
    <groups>
      <group name="regression">
        <method signature="MobileSliderTest.checkWhetherTheUserAbletoSelectValueFromDropDownandUploadFile()[pri:0, instance:com.obsqura.rmartSuperMarket.testscript.MobileSliderTest@7a1a3478]" name="checkWhetherTheUserAbletoSelectValueFromDropDownandUploadFile" class="com.obsqura.rmartSuperMarket.testscript.MobileSliderTest"/>
      </group> <!-- regression -->
    </groups>
    <test started-at="2023-08-01T11:29:58 IST" name="Test1" finished-at="2023-08-01T11:30:46 IST" duration-ms="48685">
      <class name="com.obsqura.rmartSuperMarket.testscript.PushNotificationTest">
        <test-method is-config="true" signature="initializeBrowser(java.lang.String)[pri:0, instance:com.obsqura.rmartSuperMarket.testscript.PushNotificationTest@3e7dd664]" started-at="2023-08-01T11:29:58 IST" name="initializeBrowser" finished-at="2023-08-01T11:30:21 IST" duration-ms="23376" status="PASS">
          <params>
            <param index="0">
              <value>
                <![CDATA[chrome]]>
              </value>
            </param>
          </params>
          <reporter-output>
          </reporter-output>
        </test-method> <!-- initializeBrowser -->
        <test-method retried="true" signature="verifyWhetherUserAbleToSendTheNotification()[pri:0, instance:com.obsqura.rmartSuperMarket.testscript.PushNotificationTest@3e7dd664]" started-at="2023-08-01T11:30:21 IST" name="verifyWhetherUserAbleToSendTheNotification" description="Verify whether user able to send notification via Push Notification" finished-at="2023-08-01T11:30:22 IST" duration-ms="487" status="SKIP">
          <exception class="org.apache.poi.openxml4j.exceptions.NotOfficeXmlFileException">
            <message>
              <![CDATA[No valid entries or contents found, this is not a valid OOXML (Office Open XML) file]]>
            </message>
            <full-stacktrace>
              <![CDATA[org.apache.poi.openxml4j.exceptions.NotOfficeXmlFileException: No valid entries or contents found, this is not a valid OOXML (Office Open XML) file
at org.apache.poi.openxml4j.util.ZipArchiveThresholdInputStream.getNextEntry(ZipArchiveThresholdInputStream.java:156)
at org.apache.poi.openxml4j.util.ZipInputStreamZipEntrySource.<init>(ZipInputStreamZipEntrySource.java:94)
at org.apache.poi.openxml4j.opc.ZipPackage.<init>(ZipPackage.java:132)
at org.apache.poi.openxml4j.opc.OPCPackage.open(OPCPackage.java:319)
at org.apache.poi.ooxml.util.PackageHelper.open(PackageHelper.java:59)
at org.apache.poi.xssf.usermodel.XSSFWorkbook.<init>(XSSFWorkbook.java:290)
at org.apache.poi.xssf.usermodel.XSSFWorkbook.<init>(XSSFWorkbook.java:286)
at utilities.ExcelUtility.getString(ExcelUtility.java:120)
at com.obsqura.rmartSuperMarket.testscript.PushNotificationTest.verifyWhetherUserAbleToSendTheNotification(PushNotificationTest.java:16)
at java.base/jdk.internal.reflect.NativeMethodAccessorImpl.invoke0(Native Method)
at java.base/jdk.internal.reflect.NativeMethodAccessorImpl.invoke(NativeMethodAccessorImpl.java:62)
at java.base/jdk.internal.reflect.DelegatingMethodAccessorImpl.invoke(DelegatingMethodAccessorImpl.java:43)
at java.base/java.lang.reflect.Method.invoke(Method.java:566)
at org.testng.internal.invokers.MethodInvocationHelper.invokeMethod(MethodInvocationHelper.java:139)
at org.testng.internal.invokers.TestInvoker.invokeMethod(TestInvoker.java:664)
at org.testng.internal.invokers.TestInvoker.invokeTestMethod(TestInvoker.java:227)
at org.testng.internal.invokers.MethodRunner.runInSequence(MethodRunner.java:50)
at org.testng.internal.invokers.TestInvoker$MethodInvocationAgent.invoke(TestInvoker.java:957)
at org.testng.internal.invokers.TestInvoker.invokeTestMethods(TestInvoker.java:200)
at org.testng.internal.invokers.TestMethodWorker.invokeTestMethods(TestMethodWorker.java:148)
at org.testng.internal.invokers.TestMethodWorker.run(TestMethodWorker.java:128)
at java.base/java.util.ArrayList.forEach(ArrayList.java:1541)
at org.testng.TestRunner.privateRun(TestRunner.java:848)
at org.testng.TestRunner.run(TestRunner.java:621)
at org.testng.SuiteRunner.runTest(SuiteRunner.java:443)
at org.testng.SuiteRunner$SuiteWorker.run(SuiteRunner.java:481)
at org.testng.internal.thread.ThreadUtil.lambda$execute$0(ThreadUtil.java:58)
at java.base/java.util.concurrent.FutureTask.run(FutureTask.java:264)
at java.base/java.util.concurrent.ThreadPoolExecutor.runWorker(ThreadPoolExecutor.java:1128)
at java.base/java.util.concurrent.ThreadPoolExecutor$Worker.run(ThreadPoolExecutor.java:628)
at java.base/java.lang.Thread.run(Thread.java:834)
Caused by: java.util.zip.ZipException: Unexpected record signature: 0X2557567
at org.apache.commons.compress.archivers.zip.ZipArchiveInputStream.getNextZipEntry(ZipArchiveInputStream.java:296)
at org.apache.poi.openxml4j.util.ZipArchiveThresholdInputStream.getNextEntry(ZipArchiveThresholdInputStream.java:152)
... 30 more
]]>
            </full-stacktrace>
          </exception> <!-- org.apache.poi.openxml4j.exceptions.NotOfficeXmlFileException -->
          <reporter-output>
          </reporter-output>
        </test-method> <!-- verifyWhetherUserAbleToSendTheNotification -->
        <test-method is-config="true" signature="browserQuit(org.testng.ITestResult)[pri:0, instance:com.obsqura.rmartSuperMarket.testscript.PushNotificationTest@3e7dd664]" started-at="2023-08-01T11:30:22 IST" name="browserQuit" finished-at="2023-08-01T11:30:23 IST" duration-ms="1261" status="PASS">
          <params>
            <param index="0">
              <value>
                <![CDATA[[TestResult name=verifyWhetherUserAbleToSendTheNotification status=SKIP method=PushNotificationTest.verifyWhetherUserAbleToSendTheNotification()[pri:0, instance:com.obsqura.rmartSuperMarket.testscript.PushNotificationTest@3e7dd664] output={null}]]]>
              </value>
            </param>
          </params>
          <reporter-output>
          </reporter-output>
        </test-method> <!-- browserQuit -->
        <test-method is-config="true" signature="initializeBrowser(java.lang.String)[pri:0, instance:com.obsqura.rmartSuperMarket.testscript.PushNotificationTest@3e7dd664]" started-at="2023-08-01T11:30:23 IST" name="initializeBrowser" finished-at="2023-08-01T11:30:35 IST" duration-ms="11841" status="PASS">
          <params>
            <param index="0">
              <value>
                <![CDATA[chrome]]>
              </value>
            </param>
          </params>
          <reporter-output>
          </reporter-output>
        </test-method> <!-- initializeBrowser -->
        <test-method signature="verifyWhetherUserAbleToSendTheNotification()[pri:0, instance:com.obsqura.rmartSuperMarket.testscript.PushNotificationTest@3e7dd664]" started-at="2023-08-01T11:30:35 IST" name="verifyWhetherUserAbleToSendTheNotification" description="Verify whether user able to send notification via Push Notification" finished-at="2023-08-01T11:30:44 IST" duration-ms="9367" status="PASS">
          <reporter-output>
          </reporter-output>
        </test-method> <!-- verifyWhetherUserAbleToSendTheNotification -->
        <test-method is-config="true" signature="browserQuit(org.testng.ITestResult)[pri:0, instance:com.obsqura.rmartSuperMarket.testscript.PushNotificationTest@3e7dd664]" started-at="2023-08-01T11:30:44 IST" name="browserQuit" finished-at="2023-08-01T11:30:46 IST" duration-ms="2076" status="PASS">
          <params>
            <param index="0">
              <value>
                <![CDATA[[TestResult name=verifyWhetherUserAbleToSendTheNotification status=SUCCESS method=PushNotificationTest.verifyWhetherUserAbleToSendTheNotification()[pri:0, instance:com.obsqura.rmartSuperMarket.testscript.PushNotificationTest@3e7dd664] output={null}]]]>
              </value>
            </param>
          </params>
          <reporter-output>
          </reporter-output>
        </test-method> <!-- browserQuit -->
      </class> <!-- com.obsqura.rmartSuperMarket.testscript.PushNotificationTest -->
    </test> <!-- Test1 -->
    <test started-at="2023-08-01T11:29:58 IST" name="Test2" finished-at="2023-08-01T11:30:47 IST" duration-ms="49115">
      <class name="com.obsqura.rmartSuperMarket.testscript.MobileSliderTest">
        <test-method is-config="true" signature="initializeBrowser(java.lang.String)[pri:0, instance:com.obsqura.rmartSuperMarket.testscript.MobileSliderTest@7a1a3478]" started-at="2023-08-01T11:29:58 IST" name="initializeBrowser" finished-at="2023-08-01T11:30:22 IST" duration-ms="23509" status="PASS">
          <params>
            <param index="0">
              <value>
                <![CDATA[chrome]]>
              </value>
            </param>
          </params>
          <reporter-output>
          </reporter-output>
        </test-method> <!-- initializeBrowser -->
        <test-method retried="true" signature="checkWhetherTheUserAbletoSelectValueFromDropDownandUploadFile()[pri:0, instance:com.obsqura.rmartSuperMarket.testscript.MobileSliderTest@7a1a3478]" started-at="2023-08-01T11:30:22 IST" name="checkWhetherTheUserAbletoSelectValueFromDropDownandUploadFile" description="Verify whether user able to submit the Mobile slider page after filling all the values" finished-at="2023-08-01T11:30:22 IST" duration-ms="571" status="SKIP">
          <exception class="java.lang.NullPointerException">
            <full-stacktrace>
              <![CDATA[java.lang.NullPointerException
at utilities.ExcelUtility.getString(ExcelUtility.java:126)
at com.obsqura.rmartSuperMarket.testscript.MobileSliderTest.checkWhetherTheUserAbletoSelectValueFromDropDownandUploadFile(MobileSliderTest.java:16)
at java.base/jdk.internal.reflect.NativeMethodAccessorImpl.invoke0(Native Method)
at java.base/jdk.internal.reflect.NativeMethodAccessorImpl.invoke(NativeMethodAccessorImpl.java:62)
at java.base/jdk.internal.reflect.DelegatingMethodAccessorImpl.invoke(DelegatingMethodAccessorImpl.java:43)
at java.base/java.lang.reflect.Method.invoke(Method.java:566)
at org.testng.internal.invokers.MethodInvocationHelper.invokeMethod(MethodInvocationHelper.java:139)
at org.testng.internal.invokers.TestInvoker.invokeMethod(TestInvoker.java:664)
at org.testng.internal.invokers.TestInvoker.invokeTestMethod(TestInvoker.java:227)
at org.testng.internal.invokers.MethodRunner.runInSequence(MethodRunner.java:50)
at org.testng.internal.invokers.TestInvoker$MethodInvocationAgent.invoke(TestInvoker.java:957)
at org.testng.internal.invokers.TestInvoker.invokeTestMethods(TestInvoker.java:200)
at org.testng.internal.invokers.TestMethodWorker.invokeTestMethods(TestMethodWorker.java:148)
at org.testng.internal.invokers.TestMethodWorker.run(TestMethodWorker.java:128)
at java.base/java.util.ArrayList.forEach(ArrayList.java:1541)
at org.testng.TestRunner.privateRun(TestRunner.java:848)
at org.testng.TestRunner.run(TestRunner.java:621)
at org.testng.SuiteRunner.runTest(SuiteRunner.java:443)
at org.testng.SuiteRunner$SuiteWorker.run(SuiteRunner.java:481)
at org.testng.internal.thread.ThreadUtil.lambda$execute$0(ThreadUtil.java:58)
at java.base/java.util.concurrent.FutureTask.run(FutureTask.java:264)
at java.base/java.util.concurrent.ThreadPoolExecutor.runWorker(ThreadPoolExecutor.java:1128)
at java.base/java.util.concurrent.ThreadPoolExecutor$Worker.run(ThreadPoolExecutor.java:628)
at java.base/java.lang.Thread.run(Thread.java:834)
]]>
            </full-stacktrace>
          </exception> <!-- java.lang.NullPointerException -->
          <reporter-output>
          </reporter-output>
        </test-method> <!-- checkWhetherTheUserAbletoSelectValueFromDropDownandUploadFile -->
        <test-method is-config="true" signature="browserQuit(org.testng.ITestResult)[pri:0, instance:com.obsqura.rmartSuperMarket.testscript.MobileSliderTest@7a1a3478]" started-at="2023-08-01T11:30:22 IST" name="browserQuit" finished-at="2023-08-01T11:30:23 IST" duration-ms="1210" status="PASS">
          <params>
            <param index="0">
              <value>
                <![CDATA[[TestResult name=checkWhetherTheUserAbletoSelectValueFromDropDownandUploadFile status=SKIP method=MobileSliderTest.checkWhetherTheUserAbletoSelectValueFromDropDownandUploadFile()[pri:0, instance:com.obsqura.rmartSuperMarket.testscript.MobileSliderTest@7a1a3478] output={null}]]]>
              </value>
            </param>
          </params>
          <reporter-output>
          </reporter-output>
        </test-method> <!-- browserQuit -->
        <test-method is-config="true" signature="initializeBrowser(java.lang.String)[pri:0, instance:com.obsqura.rmartSuperMarket.testscript.MobileSliderTest@7a1a3478]" started-at="2023-08-01T11:30:23 IST" name="initializeBrowser" finished-at="2023-08-01T11:30:35 IST" duration-ms="11775" status="PASS">
          <params>
            <param index="0">
              <value>
                <![CDATA[chrome]]>
              </value>
            </param>
          </params>
          <reporter-output>
          </reporter-output>
        </test-method> <!-- initializeBrowser -->
        <test-method signature="checkWhetherTheUserAbletoSelectValueFromDropDownandUploadFile()[pri:0, instance:com.obsqura.rmartSuperMarket.testscript.MobileSliderTest@7a1a3478]" started-at="2023-08-01T11:30:35 IST" name="checkWhetherTheUserAbletoSelectValueFromDropDownandUploadFile" description="Verify whether user able to submit the Mobile slider page after filling all the values" finished-at="2023-08-01T11:30:45 IST" duration-ms="9955" status="PASS">
          <reporter-output>
          </reporter-output>
        </test-method> <!-- checkWhetherTheUserAbletoSelectValueFromDropDownandUploadFile -->
        <test-method is-config="true" signature="browserQuit(org.testng.ITestResult)[pri:0, instance:com.obsqura.rmartSuperMarket.testscript.MobileSliderTest@7a1a3478]" started-at="2023-08-01T11:30:45 IST" name="browserQuit" finished-at="2023-08-01T11:30:47 IST" duration-ms="1828" status="PASS">
          <params>
            <param index="0">
              <value>
                <![CDATA[[TestResult name=checkWhetherTheUserAbletoSelectValueFromDropDownandUploadFile status=SUCCESS method=MobileSliderTest.checkWhetherTheUserAbletoSelectValueFromDropDownandUploadFile()[pri:0, instance:com.obsqura.rmartSuperMarket.testscript.MobileSliderTest@7a1a3478] output={null}]]]>
              </value>
            </param>
          </params>
          <reporter-output>
          </reporter-output>
        </test-method> <!-- browserQuit -->
      </class> <!-- com.obsqura.rmartSuperMarket.testscript.MobileSliderTest -->
    </test> <!-- Test2 -->
  </suite> <!-- Parallel test testing -->
</testng-results>
